<?xml version="1.0" encoding="UTF-8"?>
<testsuite name="thoughtworks.domain.PlusTest" tests="1" skipped="0" failures="0" errors="0" timestamp="2015-07-18T07:50:45" hostname="devops-VirtualBox" time="0.004">
  <properties/>
  <testcase name="one_plus_two_should_equal_three" classname="thoughtworks.domain.PlusTest" time="0.004"/>
  <system-out><![CDATA[]]></system-out>
  <system-err><![CDATA[]]></system-err>
</testsuite>
